<?xml version="1.0" encoding="utf-8"?><testsuites name="pytest tests"><testsuite name="pytest" errors="0" failures="0" skipped="0" tests="18" time="16.681" timestamp="2026-06-26T20:30:57.141654+00:00" hostname="agent-env-dd8edd1a-0ed2-4ad0-ab1e-50987bcc9bbc"><testcase classname="backend.tests.test_phone_camera.TestPhoneCameraCreate" name="test_create_requires_admin" time="0.310" /><testcase classname="backend.tests.test_phone_camera.TestPhoneCameraCreate" name="test_create_returns_expected_shape" time="1.338" /><testcase classname="backend.tests.test_phone_camera.TestPhoneCameraQR" name="test_qr_png" time="0.550" /><testcase classname="backend.tests.test_phone_camera.TestPhoneCameraQR" name="test_qr_requires_admin" time="0.048" /><testcase classname="backend.tests.test_phone_camera.TestPhoneCameraQR" name="test_qr_404_for_nonexistent" time="0.532" /><testcase classname="backend.tests.test_phone_camera.TestPairInfo" name="test_pair_info_public_valid_token" time="0.284" /><testcase classname="backend.tests.test_phone_camera.TestPairInfo" name="test_pair_info_invalid_token" time="0.295" /><testcase classname="backend.tests.test_phone_camera.TestPairInfo" name="test_pair_info_no_auth_required" time="0.358" /><testcase classname="backend.tests.test_phone_camera.TestPhoneCameraWebSocket" name="test_ws_ingest_and_frame_fetch" time="2.019" /><testcase classname="backend.tests.test_phone_camera.TestPhoneCameraWebSocket" name="test_camera_kind_phone_in_listing" time="0.513" /><testcase classname="backend.tests.test_phone_camera.TestPhoneCameraWebSocket" name="test_ws_invalid_token_rejected" time="0.414" /><testcase classname="backend.tests.test_phone_camera.TestPhoneMjpegRestream" name="test_mjpeg_stream_serves_phone_frames" time="3.540" /><testcase classname="backend.tests.test_phone_camera.TestPhoneMjpegRestream" name="test_mjpeg_requires_token" time="0.141" /><testcase classname="backend.tests.test_phone_camera.TestCleanup" name="test_zzz_cleanup" time="0.565" /><testcase classname="backend.tests.test_phone_camera_hardening.TestMongoBuffer" name="test_frame_persisted_in_mongo" time="2.233" /><testcase classname="backend.tests.test_phone_camera_hardening.TestRateLimit" name="test_frames_dropped_when_too_fast" time="1.231" /><testcase classname="backend.tests.test_phone_camera_hardening.TestOversizedFrameRejection" name="test_oversized_frame_dropped" time="1.240" /><testcase classname="backend.tests.test_phone_camera_hardening.TestQrFallback" name="test_qr_uses_request_base_url_when_env_missing" time="0.945" /></testsuite></testsuites>