<?xml version="1.0" encoding="utf-8"?><testsuites name="pytest tests"><testsuite name="pytest" errors="0" failures="0" skipped="1" tests="6" time="21.597" timestamp="2026-06-26T20:40:19.227599+00:00" hostname="agent-env-dd8edd1a-0ed2-4ad0-ab1e-50987bcc9bbc"><testcase classname="backend.tests.test_phone_camera_iter7_extras" name="test_phone_frames_collection_populated" time="8.250" /><testcase classname="backend.tests.test_phone_camera_iter7_extras" name="test_camera_status_active_after_ws" time="3.977" /><testcase classname="backend.tests.test_phone_camera_iter7_extras" name="test_cameras_stream_mjpeg_serves_phone_frames" time="2.765" /><testcase classname="backend.tests.test_phone_camera_iter7_extras" name="test_qr_uses_env_when_no_base_query" time="1.422"><skipped type="pytest.skip" message="pyzbar not installed for QR decode verification">/app/backend/tests/test_phone_camera_iter7_extras.py:161: pyzbar not installed for QR decode verification</skipped></testcase><testcase classname="backend.tests.test_phone_camera_iter7_extras" name="test_qr_with_base_param_overrides" time="1.404" /><testcase classname="backend.tests.test_phone_camera_iter7_extras" name="test_ws_expired_token_closes_4010" time="3.624" /></testsuite></testsuites>