<?xml version="1.0" encoding="utf-8"?><testsuites name="pytest tests"><testsuite name="pytest" errors="0" failures="0" skipped="0" tests="13" time="22.906" timestamp="2026-06-26T19:44:59.825930+00:00" hostname="agent-env-dd8edd1a-0ed2-4ad0-ab1e-50987bcc9bbc"><testcase classname="backend.tests.test_reports_hls.TestReportsSummary" name="test_summary_requires_auth" time="3.910" /><testcase classname="backend.tests.test_reports_hls.TestReportsSummary" name="test_summary_shape" time="4.021" /><testcase classname="backend.tests.test_reports_hls.TestReportsSummary" name="test_summary_window_param" time="5.970" /><testcase classname="backend.tests.test_reports_hls.TestReportsDetections" name="test_detections_requires_auth" time="0.048" /><testcase classname="backend.tests.test_reports_hls.TestReportsDetections" name="test_detections_shape" time="0.771" /><testcase classname="backend.tests.test_reports_hls.TestReportsDetections" name="test_filter_status_known" time="0.775" /><testcase classname="backend.tests.test_reports_hls.TestReportsDetections" name="test_filter_status_unknown" time="0.773" /><testcase classname="backend.tests.test_reports_hls.TestReportsDetections" name="test_filter_narrows" time="2.298" /><testcase classname="backend.tests.test_reports_hls.TestReportsDetections" name="test_person_filter" time="0.775" /><testcase classname="backend.tests.test_reports_hls.TestReportsDetections" name="test_date_range_filter" time="0.769" /><testcase classname="backend.tests.test_reports_hls.TestReportsDetections" name="test_limit_param" time="1.449" /><testcase classname="backend.tests.test_reports_hls.TestHlsGateway" name="test_hls_endpoint_does_not_crash" time="0.595" /><testcase classname="backend.tests.test_reports_hls.TestHlsGateway" name="test_hls_no_token" time="0.578" /></testsuite></testsuites>