<?xml version="1.0" encoding="utf-8"?><testsuites name="pytest tests"><testsuite name="pytest" errors="0" failures="0" skipped="0" tests="13" time="16.735" timestamp="2026-06-26T20:31:18.104812+00:00" hostname="agent-env-dd8edd1a-0ed2-4ad0-ab1e-50987bcc9bbc"><testcase classname="backend.tests.test_reports_hls.TestReportsSummary" name="test_summary_requires_auth" time="0.134" /><testcase classname="backend.tests.test_reports_hls.TestReportsSummary" name="test_summary_shape" time="2.664" /><testcase classname="backend.tests.test_reports_hls.TestReportsSummary" name="test_summary_window_param" time="5.767" /><testcase classname="backend.tests.test_reports_hls.TestReportsDetections" name="test_detections_requires_auth" time="0.044" /><testcase classname="backend.tests.test_reports_hls.TestReportsDetections" name="test_detections_shape" time="0.742" /><testcase classname="backend.tests.test_reports_hls.TestReportsDetections" name="test_filter_status_known" time="0.746" /><testcase classname="backend.tests.test_reports_hls.TestReportsDetections" name="test_filter_status_unknown" time="0.747" /><testcase classname="backend.tests.test_reports_hls.TestReportsDetections" name="test_filter_narrows" time="2.449" /><testcase classname="backend.tests.test_reports_hls.TestReportsDetections" name="test_person_filter" time="0.749" /><testcase classname="backend.tests.test_reports_hls.TestReportsDetections" name="test_date_range_filter" time="0.744" /><testcase classname="backend.tests.test_reports_hls.TestReportsDetections" name="test_limit_param" time="0.744" /><testcase classname="backend.tests.test_reports_hls.TestHlsGateway" name="test_hls_endpoint_does_not_crash" time="0.561" /><testcase classname="backend.tests.test_reports_hls.TestHlsGateway" name="test_hls_no_token" time="0.569" /></testsuite></testsuites>